# JRE version: OpenJDK Runtime Environment Temurin-21.0.7+6 (21.0.7+6) (build 21.0.7+6-LTS)
# Java VM: OpenJDK 64-Bit Server VM Temurin-21.0.7+6 (21.0.7+6-LTS, mixed mode, sharing, tiered, compressed oops, compressed class ptrs, g1 gc, windows-amd64)
GC Precious Log:
 CardTable entry size: 512
 Card Set container configuration: InlinePtr #cards 4 size 8 Array Of Cards #cards 16 size 48 Howl #buckets 8 coarsen threshold 3686 Howl Bitmap #cards 512 size 80 coarsen threshold 460 Card regions per heap region 1 cards per card region 4096
 CPUs: 8 total, 8 available
 Memory: 5877M
 Large Page Support: Disabled
 NUMA Support: Disabled
 Compressed Oops: Enabled (Zero based)
 Heap Region Size: 2M
 Heap Min Capacity: 8M
 Heap Initial Capacity: 92M
 Heap Max Capacity: 4G
 Pre-touch: Disabled
 Parallel Workers: 8
 Concurrent Workers: 2
 Concurrent Refinement Workers: 8
 Periodic GC: Disabled
Heap:
 garbage-first heap   total 157696K, used 102751K [0x0000000700000000, 0x0000000800000000)
  region size 2048K, 30 young (61440K), 3 survivors (6144K)
 Metaspace       used 51560K, committed 53184K, reserved 917504K
  class space    used 7154K, committed 7936K, reserved 851968K
GC Heap History (20 events):
Event: 11.678 GC heap before
{Heap before GC invocations=18 (full 0):
 garbage-first heap   total 108544K, used 96674K [0x0000000700000000, 0x0000000800000000)
  region size 2048K, 26 young (53248K), 1 survivors (2048K)
 Metaspace       used 51457K, committed 53056K, reserved 917504K
  class space    used 7139K, committed 7936K, reserved 851968K
}
Event: 11.680 GC heap after
{Heap after GC invocations=19 (full 0):
 garbage-first heap   total 131072K, used 45615K [0x0000000700000000, 0x0000000800000000)
  region size 2048K, 1 young (2048K), 1 survivors (2048K)
 Metaspace       used 51457K, committed 53056K, reserved 917504K
  class space    used 7139K, committed 7936K, reserved 851968K
}
Event: 11.890 GC heap before
{Heap before GC invocations=19 (full 0):
 garbage-first heap   total 131072K, used 117295K [0x0000000700000000, 0x0000000800000000)
  region size 2048K, 37 young (75776K), 1 survivors (2048K)
 Metaspace       used 51466K, committed 53056K, reserved 917504K
  class space    used 7139K, committed 7936K, reserved 851968K
}
Event: 11.892 GC heap after
{Heap after GC invocations=20 (full 0):
 garbage-first heap   total 131072K, used 45946K [0x0000000700000000, 0x0000000800000000)
  region size 2048K, 1 young (2048K), 1 survivors (2048K)
 Metaspace       used 51466K, committed 53056K, reserved 917504K
  class space    used 7139K, committed 7936K, reserved 851968K
}
Event: 12.058 GC heap before
{Heap before GC invocations=20 (full 0):
 garbage-first heap   total 131072K, used 119674K [0x0000000700000000, 0x0000000800000000)
  region size 2048K, 37 young (75776K), 1 survivors (2048K)
 Metaspace       used 51467K, committed 53056K, reserved 917504K
  class space    used 7139K, committed 7936K, reserved 851968K
}
Event: 12.060 GC heap after
{Heap after GC invocations=21 (full 0):
 garbage-first heap   total 131072K, used 46287K [0x0000000700000000, 0x0000000800000000)
  region size 2048K, 2 young (4096K), 2 survivors (4096K)
 Metaspace       used 51467K, committed 53056K, reserved 917504K
  class space    used 7139K, committed 7936K, reserved 851968K
}
Event: 12.322 GC heap before
{Heap before GC invocations=21 (full 0):
 garbage-first heap   total 131072K, used 115919K [0x0000000700000000, 0x0000000800000000)
  region size 2048K, 36 young (73728K), 2 survivors (4096K)
 Metaspace       used 51471K, committed 53056K, reserved 917504K
  class space    used 7139K, committed 7936K, reserved 851968K
}
Event: 12.329 GC heap after
{Heap after GC invocations=22 (full 0):
 garbage-first heap   total 131072K, used 46894K [0x0000000700000000, 0x0000000800000000)
  region size 2048K, 2 young (4096K), 2 survivors (4096K)
 Metaspace       used 51471K, committed 53056K, reserved 917504K
  class space    used 7139K, committed 7936K, reserved 851968K
}
Event: 12.941 GC heap before
{Heap before GC invocations=22 (full 0):
 garbage-first heap   total 131072K, used 116526K [0x0000000700000000, 0x0000000800000000)
  region size 2048K, 36 young (73728K), 2 survivors (4096K)
 Metaspace       used 51471K, committed 53056K, reserved 917504K
  class space    used 7139K, committed 7936K, reserved 851968K
}
Event: 12.943 GC heap after
{Heap after GC invocations=23 (full 0):
 garbage-first heap   total 131072K, used 47036K [0x0000000700000000, 0x0000000800000000)
  region size 2048K, 2 young (4096K), 2 survivors (4096K)
 Metaspace       used 51471K, committed 53056K, reserved 917504K
  class space    used 7139K, committed 7936K, reserved 851968K
}
Event: 13.118 GC heap before
{Heap before GC invocations=23 (full 0):
 garbage-first heap   total 131072K, used 116668K [0x0000000700000000, 0x0000000800000000)
  region size 2048K, 36 young (73728K), 2 survivors (4096K)
 Metaspace       used 51489K, committed 53056K, reserved 917504K
  class space    used 7142K, committed 7936K, reserved 851968K
}
Event: 13.121 GC heap after
{Heap after GC invocations=24 (full 0):
 garbage-first heap   total 131072K, used 47154K [0x0000000700000000, 0x0000000800000000)
  region size 2048K, 2 young (4096K), 2 survivors (4096K)
 Metaspace       used 51489K, committed 53056K, reserved 917504K
  class space    used 7142K, committed 7936K, reserved 851968K
}
Event: 13.358 GC heap before
{Heap before GC invocations=24 (full 0):
 garbage-first heap   total 131072K, used 116786K [0x0000000700000000, 0x0000000800000000)
  region size 2048K, 36 young (73728K), 2 survivors (4096K)
 Metaspace       used 51507K, committed 53120K, reserved 917504K
  class space    used 7147K, committed 7936K, reserved 851968K
}
Event: 13.360 GC heap after
{Heap after GC invocations=25 (full 0):
 garbage-first heap   total 157696K, used 47285K [0x0000000700000000, 0x0000000800000000)
  region size 2048K, 2 young (4096K), 2 survivors (4096K)
 Metaspace       used 51507K, committed 53120K, reserved 917504K
  class space    used 7147K, committed 7936K, reserved 851968K
}
Event: 13.572 GC heap before
{Heap before GC invocations=25 (full 0):
 garbage-first heap   total 157696K, used 137397K [0x0000000700000000, 0x0000000800000000)
  region size 2048K, 46 young (94208K), 2 survivors (4096K)
 Metaspace       used 51536K, committed 53120K, reserved 917504K
  class space    used 7154K, committed 7936K, reserved 851968K
}
Event: 13.575 GC heap after
{Heap after GC invocations=26 (full 0):
 garbage-first heap   total 157696K, used 47999K [0x0000000700000000, 0x0000000800000000)
  region size 2048K, 2 young (4096K), 2 survivors (4096K)
 Metaspace       used 51536K, committed 53120K, reserved 917504K
  class space    used 7154K, committed 7936K, reserved 851968K
}
Event: 13.796 GC heap before
{Heap before GC invocations=26 (full 0):
 garbage-first heap   total 157696K, used 136063K [0x0000000700000000, 0x0000000800000000)
  region size 2048K, 46 young (94208K), 2 survivors (4096K)
 Metaspace       used 51540K, committed 53120K, reserved 917504K
  class space    used 7154K, committed 7936K, reserved 851968K
}
Event: 13.798 GC heap after
{Heap after GC invocations=27 (full 0):
 garbage-first heap   total 157696K, used 48789K [0x0000000700000000, 0x0000000800000000)
  region size 2048K, 3 young (6144K), 3 survivors (6144K)
 Metaspace       used 51540K, committed 53120K, reserved 917504K
  class space    used 7154K, committed 7936K, reserved 851968K
}
Event: 14.023 GC heap before
{Heap before GC invocations=27 (full 0):
 garbage-first heap   total 157696K, used 136853K [0x0000000700000000, 0x0000000800000000)
  region size 2048K, 46 young (94208K), 3 survivors (6144K)
 Metaspace       used 51543K, committed 53120K, reserved 917504K
  class space    used 7154K, committed 7936K, reserved 851968K
}
Event: 14.026 GC heap after
{Heap after GC invocations=28 (full 0):
 garbage-first heap   total 157696K, used 49503K [0x0000000700000000, 0x0000000800000000)
  region size 2048K, 3 young (6144K), 3 survivors (6144K)
 Metaspace       used 51543K, committed 53120K, reserved 917504K
  class space    used 7154K, committed 7936K, reserved 851968K
}

