# JRE version: OpenJDK Runtime Environment Temurin-21.0.7+6 (21.0.7+6) (build 21.0.7+6-LTS)
# Java VM: OpenJDK 64-Bit Server VM Temurin-21.0.7+6 (21.0.7+6-LTS, mixed mode, sharing, tiered, compressed oops, compressed class ptrs, g1 gc, windows-amd64)
GC Precious Log:
 CardTable entry size: 512
 Card Set container configuration: InlinePtr #cards 4 size 8 Array Of Cards #cards 16 size 48 Howl #buckets 8 coarsen threshold 3686 Howl Bitmap #cards 512 size 80 coarsen threshold 460 Card regions per heap region 1 cards per card region 4096
 CPUs: 8 total, 8 available
 Memory: 5877M
 Large Page Support: Disabled
 NUMA Support: Disabled
 Compressed Oops: Enabled (Zero based)
 Heap Region Size: 2M
 Heap Min Capacity: 8M
 Heap Initial Capacity: 92M
 Heap Max Capacity: 4G
 Pre-touch: Disabled
 Parallel Workers: 8
 Concurrent Workers: 2
 Concurrent Refinement Workers: 8
 Periodic GC: Disabled
Heap:
 garbage-first heap   total 462848K, used 326335K [0x0000000700000000, 0x0000000800000000)
  region size 2048K, 97 young (198656K), 1 survivors (2048K)
 Metaspace       used 142101K, committed 144640K, reserved 983040K
  class space    used 17989K, committed 19264K, reserved 851968K
GC Heap History (20 events):
Event: 66.853 GC heap before
{Heap before GC invocations=81 (full 0):
 garbage-first heap   total 385024K, used 351338K [0x0000000700000000, 0x0000000800000000)
  region size 2048K, 111 young (227328K), 6 survivors (12288K)
 Metaspace       used 141216K, committed 143744K, reserved 983040K
  class space    used 17936K, committed 19200K, reserved 851968K
}
Event: 66.865 GC heap after
{Heap after GC invocations=82 (full 0):
 garbage-first heap   total 385024K, used 137707K [0x0000000700000000, 0x0000000800000000)
  region size 2048K, 7 young (14336K), 7 survivors (14336K)
 Metaspace       used 141216K, committed 143744K, reserved 983040K
  class space    used 17936K, committed 19200K, reserved 851968K
}
Event: 67.995 GC heap before
{Heap before GC invocations=82 (full 0):
 garbage-first heap   total 385024K, used 348651K [0x0000000700000000, 0x0000000800000000)
  region size 2048K, 110 young (225280K), 7 survivors (14336K)
 Metaspace       used 141216K, committed 143808K, reserved 983040K
  class space    used 17936K, committed 19200K, reserved 851968K
}
Event: 68.006 GC heap after
{Heap after GC invocations=83 (full 0):
 garbage-first heap   total 385024K, used 137846K [0x0000000700000000, 0x0000000800000000)
  region size 2048K, 7 young (14336K), 7 survivors (14336K)
 Metaspace       used 141216K, committed 143808K, reserved 983040K
  class space    used 17936K, committed 19200K, reserved 851968K
}
Event: 68.930 GC heap before
{Heap before GC invocations=84 (full 0):
 garbage-first heap   total 385024K, used 348790K [0x0000000700000000, 0x0000000800000000)
  region size 2048K, 110 young (225280K), 7 survivors (14336K)
 Metaspace       used 141218K, committed 143808K, reserved 983040K
  class space    used 17936K, committed 19200K, reserved 851968K
}
Event: 68.939 GC heap after
{Heap after GC invocations=85 (full 0):
 garbage-first heap   total 385024K, used 139701K [0x0000000700000000, 0x0000000800000000)
  region size 2048K, 8 young (16384K), 8 survivors (16384K)
 Metaspace       used 141218K, committed 143808K, reserved 983040K
  class space    used 17936K, committed 19200K, reserved 851968K
}
Event: 69.917 GC heap before
{Heap before GC invocations=85 (full 0):
 garbage-first heap   total 385024K, used 346549K [0x0000000700000000, 0x0000000800000000)
  region size 2048K, 109 young (223232K), 8 survivors (16384K)
 Metaspace       used 141218K, committed 143808K, reserved 983040K
  class space    used 17936K, committed 19200K, reserved 851968K
}
Event: 69.944 GC heap after
{Heap after GC invocations=86 (full 0):
 garbage-first heap   total 385024K, used 140079K [0x0000000700000000, 0x0000000800000000)
  region size 2048K, 8 young (16384K), 8 survivors (16384K)
 Metaspace       used 141218K, committed 143808K, reserved 983040K
  class space    used 17936K, committed 19200K, reserved 851968K
}
Event: 71.120 GC heap before
{Heap before GC invocations=86 (full 0):
 garbage-first heap   total 385024K, used 346927K [0x0000000700000000, 0x0000000800000000)
  region size 2048K, 109 young (223232K), 8 survivors (16384K)
 Metaspace       used 141218K, committed 143808K, reserved 983040K
  class space    used 17936K, committed 19200K, reserved 851968K
}
Event: 71.133 GC heap after
{Heap after GC invocations=87 (full 0):
 garbage-first heap   total 385024K, used 140992K [0x0000000700000000, 0x0000000800000000)
  region size 2048K, 7 young (14336K), 7 survivors (14336K)
 Metaspace       used 141218K, committed 143808K, reserved 983040K
  class space    used 17936K, committed 19200K, reserved 851968K
}
Event: 72.399 GC heap before
{Heap before GC invocations=88 (full 0):
 garbage-first heap   total 385024K, used 349888K [0x0000000700000000, 0x0000000800000000)
  region size 2048K, 109 young (223232K), 7 survivors (14336K)
 Metaspace       used 141218K, committed 143808K, reserved 983040K
  class space    used 17936K, committed 19200K, reserved 851968K
}
Event: 72.409 GC heap after
{Heap after GC invocations=89 (full 0):
 garbage-first heap   total 385024K, used 142958K [0x0000000700000000, 0x0000000800000000)
  region size 2048K, 8 young (16384K), 8 survivors (16384K)
 Metaspace       used 141218K, committed 143808K, reserved 983040K
  class space    used 17936K, committed 19200K, reserved 851968K
}
Event: 74.527 GC heap before
{Heap before GC invocations=89 (full 0):
 garbage-first heap   total 385024K, used 349806K [0x0000000700000000, 0x0000000800000000)
  region size 2048K, 108 young (221184K), 8 survivors (16384K)
 Metaspace       used 141263K, committed 143808K, reserved 983040K
  class space    used 17943K, committed 19200K, reserved 851968K
}
Event: 74.543 GC heap after
{Heap after GC invocations=90 (full 0):
 garbage-first heap   total 385024K, used 129582K [0x0000000700000000, 0x0000000800000000)
  region size 2048K, 3 young (6144K), 3 survivors (6144K)
 Metaspace       used 141263K, committed 143808K, reserved 983040K
  class space    used 17943K, committed 19200K, reserved 851968K
}
Event: 74.883 GC heap before
{Heap before GC invocations=90 (full 0):
 garbage-first heap   total 385024K, used 199214K [0x0000000700000000, 0x0000000800000000)
  region size 2048K, 39 young (79872K), 3 survivors (6144K)
 Metaspace       used 141264K, committed 143808K, reserved 983040K
  class space    used 17943K, committed 19200K, reserved 851968K
}
Event: 74.905 GC heap after
{Heap after GC invocations=91 (full 0):
 garbage-first heap   total 462848K, used 126909K [0x0000000700000000, 0x0000000800000000)
  region size 2048K, 1 young (2048K), 1 survivors (2048K)
 Metaspace       used 141264K, committed 143808K, reserved 983040K
  class space    used 17943K, committed 19200K, reserved 851968K
}
Event: 79.463 GC heap before
{Heap before GC invocations=91 (full 0):
 garbage-first heap   total 462848K, used 403389K [0x0000000700000000, 0x0000000800000000)
  region size 2048K, 135 young (276480K), 1 survivors (2048K)
 Metaspace       used 141265K, committed 143808K, reserved 983040K
  class space    used 17943K, committed 19200K, reserved 851968K
}
Event: 79.476 GC heap after
{Heap after GC invocations=92 (full 0):
 garbage-first heap   total 462848K, used 134406K [0x0000000700000000, 0x0000000800000000)
  region size 2048K, 3 young (6144K), 3 survivors (6144K)
 Metaspace       used 141265K, committed 143808K, reserved 983040K
  class space    used 17943K, committed 19200K, reserved 851968K
}
Event: 102.625 GC heap before
{Heap before GC invocations=92 (full 0):
 garbage-first heap   total 462848K, used 412934K [0x0000000700000000, 0x0000000800000000)
  region size 2048K, 135 young (276480K), 3 survivors (6144K)
 Metaspace       used 141877K, committed 144448K, reserved 983040K
  class space    used 17975K, committed 19264K, reserved 851968K
}
Event: 102.718 GC heap after
{Heap after GC invocations=93 (full 0):
 garbage-first heap   total 462848K, used 129727K [0x0000000700000000, 0x0000000800000000)
  region size 2048K, 1 young (2048K), 1 survivors (2048K)
 Metaspace       used 141877K, committed 144448K, reserved 983040K
  class space    used 17975K, committed 19264K, reserved 851968K
}

