# JRE version: Java(TM) SE Runtime Environment (23.0.2+7) (build 23.0.2+7-58)
# Java VM: Java HotSpot(TM) 64-Bit Server VM (23.0.2+7-58, mixed mode, sharing, tiered, compressed oops, compressed class ptrs, g1 gc, windows-amd64)
GC Precious Log:
 CardTable entry size: 512
 Card Set container configuration: InlinePtr #cards 4 size 8 Array Of Cards #cards 16 size 48 Howl #buckets 8 coarsen threshold 3686 Howl Bitmap #cards 512 size 80 coarsen threshold 460 Card regions per heap region 1 cards per card region 4096
 CPUs: 8 total, 8 available
 Memory: 5877M
 Large Page Support: Disabled
 NUMA Support: Disabled
 Compressed Oops: Enabled (Zero based)
 Heap Region Size: 2M
 Heap Min Capacity: 8M
 Heap Initial Capacity: 92M
 Heap Max Capacity: 4G
 Pre-touch: Disabled
 Parallel Workers: 8
 Concurrent Workers: 2
 Concurrent Refinement Workers: 8
 Periodic GC: Disabled
Heap:
 garbage-first heap   total reserved 4194304K, committed 206848K, used 92075K [0x0000000700000000, 0x0000000800000000)
  region size 2048K, 1 young (2048K), 1 survivors (2048K)
 Metaspace       used 120656K, committed 122944K, reserved 983040K
  class space    used 16105K, committed 17216K, reserved 851968K
GC Heap History (20 events):
Event: 98.964 GC heap after
{Heap after GC invocations=41 (full 0):
 garbage-first heap   total reserved 4194304K, committed 157696K, used 72490K [0x0000000700000000, 0x0000000800000000)
  region size 2048K, 3 young (6144K), 3 survivors (6144K)
 Metaspace       used 81472K, committed 83520K, reserved 983040K
  class space    used 11366K, committed 12352K, reserved 851968K
}
Event: 100.231 GC heap before
{Heap before GC invocations=41 (full 0):
 garbage-first heap   total reserved 4194304K, committed 157696K, used 138026K [0x0000000700000000, 0x0000000800000000)
  region size 2048K, 35 young (71680K), 3 survivors (6144K)
 Metaspace       used 84491K, committed 86528K, reserved 983040K
  class space    used 11698K, committed 12672K, reserved 851968K
}
Event: 100.252 GC heap after
{Heap after GC invocations=42 (full 0):
 garbage-first heap   total reserved 4194304K, committed 157696K, used 77017K [0x0000000700000000, 0x0000000800000000)
  region size 2048K, 5 young (10240K), 5 survivors (10240K)
 Metaspace       used 84491K, committed 86528K, reserved 983040K
  class space    used 11698K, committed 12672K, reserved 851968K
}
Event: 102.354 GC heap before
{Heap before GC invocations=43 (full 0):
 garbage-first heap   total reserved 4194304K, committed 157696K, used 132313K [0x0000000700000000, 0x0000000800000000)
  region size 2048K, 33 young (67584K), 5 survivors (10240K)
 Metaspace       used 89848K, committed 91840K, reserved 983040K
  class space    used 12361K, committed 13312K, reserved 851968K
}
Event: 102.422 GC heap after
{Heap after GC invocations=44 (full 0):
 garbage-first heap   total reserved 4194304K, committed 157696K, used 78961K [0x0000000700000000, 0x0000000800000000)
  region size 2048K, 5 young (10240K), 5 survivors (10240K)
 Metaspace       used 89848K, committed 91840K, reserved 983040K
  class space    used 12361K, committed 13312K, reserved 851968K
}
Event: 103.879 GC heap before
{Heap before GC invocations=44 (full 0):
 garbage-first heap   total reserved 4194304K, committed 157696K, used 134257K [0x0000000700000000, 0x0000000800000000)
  region size 2048K, 32 young (65536K), 5 survivors (10240K)
 Metaspace       used 96777K, committed 98880K, reserved 983040K
  class space    used 13132K, committed 14144K, reserved 851968K
}
Event: 103.898 GC heap after
{Heap after GC invocations=45 (full 0):
 garbage-first heap   total reserved 4194304K, committed 206848K, used 81273K [0x0000000700000000, 0x0000000800000000)
  region size 2048K, 4 young (8192K), 4 survivors (8192K)
 Metaspace       used 96777K, committed 98880K, reserved 983040K
  class space    used 13132K, committed 14144K, reserved 851968K
}
Event: 109.118 GC heap before
{Heap before GC invocations=45 (full 0):
 garbage-first heap   total reserved 4194304K, committed 206848K, used 181625K [0x0000000700000000, 0x0000000800000000)
  region size 2048K, 53 young (108544K), 4 survivors (8192K)
 Metaspace       used 111252K, committed 113472K, reserved 983040K
  class space    used 14820K, committed 15872K, reserved 851968K
}
Event: 109.130 GC heap after
{Heap after GC invocations=46 (full 0):
 garbage-first heap   total reserved 4194304K, committed 206848K, used 85011K [0x0000000700000000, 0x0000000800000000)
  region size 2048K, 6 young (12288K), 6 survivors (12288K)
 Metaspace       used 111252K, committed 113472K, reserved 983040K
  class space    used 14820K, committed 15872K, reserved 851968K
}
Event: 132.184 GC heap before
{Heap before GC invocations=46 (full 0):
 garbage-first heap   total reserved 4194304K, committed 206848K, used 179219K [0x0000000700000000, 0x0000000800000000)
  region size 2048K, 52 young (106496K), 6 survivors (12288K)
 Metaspace       used 120630K, committed 122944K, reserved 983040K
  class space    used 16102K, committed 17216K, reserved 851968K
}
Event: 132.415 GC heap after
{Heap after GC invocations=47 (full 0):
 garbage-first heap   total reserved 4194304K, committed 206848K, used 89103K [0x0000000700000000, 0x0000000800000000)
  region size 2048K, 6 young (12288K), 6 survivors (12288K)
 Metaspace       used 120630K, committed 122944K, reserved 983040K
  class space    used 16102K, committed 17216K, reserved 851968K
}
Event: 135.625 GC heap before
{Heap before GC invocations=47 (full 0):
 garbage-first heap   total reserved 4194304K, committed 206848K, used 181263K [0x0000000700000000, 0x0000000800000000)
  region size 2048K, 51 young (104448K), 6 survivors (12288K)
 Metaspace       used 120656K, committed 122944K, reserved 983040K
  class space    used 16105K, committed 17216K, reserved 851968K
}
Event: 135.976 GC heap after
{Heap after GC invocations=48 (full 0):
 garbage-first heap   total reserved 4194304K, committed 206848K, used 90249K [0x0000000700000000, 0x0000000800000000)
  region size 2048K, 3 young (6144K), 3 survivors (6144K)
 Metaspace       used 120656K, committed 122944K, reserved 983040K
  class space    used 16105K, committed 17216K, reserved 851968K
}
Event: 137.047 GC heap before
{Heap before GC invocations=48 (full 0):
 garbage-first heap   total reserved 4194304K, committed 206848K, used 186505K [0x0000000700000000, 0x0000000800000000)
  region size 2048K, 50 young (102400K), 3 survivors (6144K)
 Metaspace       used 120656K, committed 122944K, reserved 983040K
  class space    used 16105K, committed 17216K, reserved 851968K
}
Event: 137.073 GC heap after
{Heap after GC invocations=49 (full 0):
 garbage-first heap   total reserved 4194304K, committed 206848K, used 91646K [0x0000000700000000, 0x0000000800000000)
  region size 2048K, 4 young (8192K), 4 survivors (8192K)
 Metaspace       used 120656K, committed 122944K, reserved 983040K
  class space    used 16105K, committed 17216K, reserved 851968K
}
Event: 140.432 GC heap before
{Heap before GC invocations=50 (full 0):
 garbage-first heap   total reserved 4194304K, committed 206848K, used 183806K [0x0000000700000000, 0x0000000800000000)
  region size 2048K, 49 young (100352K), 4 survivors (8192K)
 Metaspace       used 120656K, committed 122944K, reserved 983040K
  class space    used 16105K, committed 17216K, reserved 851968K
}
Event: 140.826 GC heap after
{Heap after GC invocations=51 (full 0):
 garbage-first heap   total reserved 4194304K, committed 206848K, used 92529K [0x0000000700000000, 0x0000000800000000)
  region size 2048K, 4 young (8192K), 4 survivors (8192K)
 Metaspace       used 120656K, committed 122944K, reserved 983040K
  class space    used 16105K, committed 17216K, reserved 851968K
}
Event: 142.423 GC heap before
{Heap before GC invocations=51 (full 0):
 garbage-first heap   total reserved 4194304K, committed 206848K, used 184689K [0x0000000700000000, 0x0000000800000000)
  region size 2048K, 49 young (100352K), 4 survivors (8192K)
 Metaspace       used 120656K, committed 122944K, reserved 983040K
  class space    used 16105K, committed 17216K, reserved 851968K
}
Event: 142.439 GC heap after
{Heap after GC invocations=52 (full 0):
 garbage-first heap   total reserved 4194304K, committed 206848K, used 91489K [0x0000000700000000, 0x0000000800000000)
  region size 2048K, 5 young (10240K), 5 survivors (10240K)
 Metaspace       used 120656K, committed 122944K, reserved 983040K
  class space    used 16105K, committed 17216K, reserved 851968K
}
Event: 142.455 GC heap before
{Heap before GC invocations=52 (full 0):
 garbage-first heap   total reserved 4194304K, committed 206848K, used 93537K [0x0000000700000000, 0x0000000800000000)
  region size 2048K, 6 young (12288K), 5 survivors (10240K)
 Metaspace       used 120656K, committed 122944K, reserved 983040K
  class space    used 16105K, committed 17216K, reserved 851968K
}

