# JRE version: Java(TM) SE Runtime Environment (23.0.2+7) (build 23.0.2+7-58)
# Java VM: Java HotSpot(TM) 64-Bit Server VM (23.0.2+7-58, mixed mode, sharing, tiered, compressed oops, compressed class ptrs, g1 gc, windows-amd64)
GC Precious Log:
 CardTable entry size: 512
 Card Set container configuration: InlinePtr #cards 4 size 8 Array Of Cards #cards 16 size 48 Howl #buckets 8 coarsen threshold 3686 Howl Bitmap #cards 512 size 80 coarsen threshold 460 Card regions per heap region 1 cards per card region 4096
 CPUs: 8 total, 8 available
 Memory: 5877M
 Large Page Support: Disabled
 NUMA Support: Disabled
 Compressed Oops: Enabled (Zero based)
 Heap Region Size: 2M
 Heap Min Capacity: 8M
 Heap Initial Capacity: 92M
 Heap Max Capacity: 4G
 Pre-touch: Disabled
 Parallel Workers: 8
 Concurrent Workers: 2
 Concurrent Refinement Workers: 8
 Periodic GC: Disabled
Heap:
 garbage-first heap   total reserved 4194304K, committed 167936K, used 124187K [0x0000000700000000, 0x0000000800000000)
  region size 2048K, 41 young (83968K), 4 survivors (8192K)
 Metaspace       used 42848K, committed 44416K, reserved 917504K
  class space    used 6106K, committed 6848K, reserved 851968K
GC Heap History (20 events):
Event: 20.643 GC heap before
{Heap before GC invocations=33 (full 0):
 garbage-first heap   total reserved 4194304K, committed 139264K, used 121017K [0x0000000700000000, 0x0000000800000000)
  region size 2048K, 40 young (81920K), 3 survivors (6144K)
 Metaspace       used 42818K, committed 44416K, reserved 917504K
  class space    used 6106K, committed 6848K, reserved 851968K
}
Event: 20.648 GC heap after
{Heap after GC invocations=34 (full 0):
 garbage-first heap   total reserved 4194304K, committed 139264K, used 46178K [0x0000000700000000, 0x0000000800000000)
  region size 2048K, 4 young (8192K), 4 survivors (8192K)
 Metaspace       used 42818K, committed 44416K, reserved 917504K
  class space    used 6106K, committed 6848K, reserved 851968K
}
Event: 20.885 GC heap before
{Heap before GC invocations=34 (full 0):
 garbage-first heap   total reserved 4194304K, committed 139264K, used 119906K [0x0000000700000000, 0x0000000800000000)
  region size 2048K, 40 young (81920K), 4 survivors (8192K)
 Metaspace       used 42818K, committed 44416K, reserved 917504K
  class space    used 6106K, committed 6848K, reserved 851968K
}
Event: 20.889 GC heap after
{Heap after GC invocations=35 (full 0):
 garbage-first heap   total reserved 4194304K, committed 139264K, used 46065K [0x0000000700000000, 0x0000000800000000)
  region size 2048K, 3 young (6144K), 3 survivors (6144K)
 Metaspace       used 42818K, committed 44416K, reserved 917504K
  class space    used 6106K, committed 6848K, reserved 851968K
}
Event: 21.203 GC heap before
{Heap before GC invocations=35 (full 0):
 garbage-first heap   total reserved 4194304K, committed 139264K, used 121841K [0x0000000700000000, 0x0000000800000000)
  region size 2048K, 40 young (81920K), 3 survivors (6144K)
 Metaspace       used 42818K, committed 44416K, reserved 917504K
  class space    used 6106K, committed 6848K, reserved 851968K
}
Event: 21.208 GC heap after
{Heap after GC invocations=36 (full 0):
 garbage-first heap   total reserved 4194304K, committed 167936K, used 46807K [0x0000000700000000, 0x0000000800000000)
  region size 2048K, 3 young (6144K), 3 survivors (6144K)
 Metaspace       used 42818K, committed 44416K, reserved 917504K
  class space    used 6106K, committed 6848K, reserved 851968K
}
Event: 21.848 GC heap before
{Heap before GC invocations=36 (full 0):
 garbage-first heap   total reserved 4194304K, committed 167936K, used 141015K [0x0000000700000000, 0x0000000800000000)
  region size 2048K, 49 young (100352K), 3 survivors (6144K)
 Metaspace       used 42819K, committed 44416K, reserved 917504K
  class space    used 6106K, committed 6848K, reserved 851968K
}
Event: 21.852 GC heap after
{Heap after GC invocations=37 (full 0):
 garbage-first heap   total reserved 4194304K, committed 167936K, used 46881K [0x0000000700000000, 0x0000000800000000)
  region size 2048K, 3 young (6144K), 3 survivors (6144K)
 Metaspace       used 42819K, committed 44416K, reserved 917504K
  class space    used 6106K, committed 6848K, reserved 851968K
}
Event: 22.208 GC heap before
{Heap before GC invocations=37 (full 0):
 garbage-first heap   total reserved 4194304K, committed 167936K, used 141089K [0x0000000700000000, 0x0000000800000000)
  region size 2048K, 49 young (100352K), 3 survivors (6144K)
 Metaspace       used 42821K, committed 44416K, reserved 917504K
  class space    used 6106K, committed 6848K, reserved 851968K
}
Event: 22.216 GC heap after
{Heap after GC invocations=38 (full 0):
 garbage-first heap   total reserved 4194304K, committed 167936K, used 47189K [0x0000000700000000, 0x0000000800000000)
  region size 2048K, 4 young (8192K), 4 survivors (8192K)
 Metaspace       used 42821K, committed 44416K, reserved 917504K
  class space    used 6106K, committed 6848K, reserved 851968K
}
Event: 22.693 GC heap before
{Heap before GC invocations=38 (full 0):
 garbage-first heap   total reserved 4194304K, committed 167936K, used 139349K [0x0000000700000000, 0x0000000800000000)
  region size 2048K, 49 young (100352K), 4 survivors (8192K)
 Metaspace       used 42826K, committed 44416K, reserved 917504K
  class space    used 6106K, committed 6848K, reserved 851968K
}
Event: 22.698 GC heap after
{Heap after GC invocations=39 (full 0):
 garbage-first heap   total reserved 4194304K, committed 167936K, used 47742K [0x0000000700000000, 0x0000000800000000)
  region size 2048K, 4 young (8192K), 4 survivors (8192K)
 Metaspace       used 42826K, committed 44416K, reserved 917504K
  class space    used 6106K, committed 6848K, reserved 851968K
}
Event: 23.897 GC heap before
{Heap before GC invocations=39 (full 0):
 garbage-first heap   total reserved 4194304K, committed 167936K, used 139902K [0x0000000700000000, 0x0000000800000000)
  region size 2048K, 49 young (100352K), 4 survivors (8192K)
 Metaspace       used 42829K, committed 44416K, reserved 917504K
  class space    used 6106K, committed 6848K, reserved 851968K
}
Event: 23.906 GC heap after
{Heap after GC invocations=40 (full 0):
 garbage-first heap   total reserved 4194304K, committed 167936K, used 48274K [0x0000000700000000, 0x0000000800000000)
  region size 2048K, 4 young (8192K), 4 survivors (8192K)
 Metaspace       used 42829K, committed 44416K, reserved 917504K
  class space    used 6106K, committed 6848K, reserved 851968K
}
Event: 24.707 GC heap before
{Heap before GC invocations=40 (full 0):
 garbage-first heap   total reserved 4194304K, committed 167936K, used 140434K [0x0000000700000000, 0x0000000800000000)
  region size 2048K, 49 young (100352K), 4 survivors (8192K)
 Metaspace       used 42829K, committed 44416K, reserved 917504K
  class space    used 6106K, committed 6848K, reserved 851968K
}
Event: 24.713 GC heap after
{Heap after GC invocations=41 (full 0):
 garbage-first heap   total reserved 4194304K, committed 167936K, used 49225K [0x0000000700000000, 0x0000000800000000)
  region size 2048K, 4 young (8192K), 4 survivors (8192K)
 Metaspace       used 42829K, committed 44416K, reserved 917504K
  class space    used 6106K, committed 6848K, reserved 851968K
}
Event: 25.447 GC heap before
{Heap before GC invocations=41 (full 0):
 garbage-first heap   total reserved 4194304K, committed 167936K, used 141385K [0x0000000700000000, 0x0000000800000000)
  region size 2048K, 49 young (100352K), 4 survivors (8192K)
 Metaspace       used 42832K, committed 44416K, reserved 917504K
  class space    used 6106K, committed 6848K, reserved 851968K
}
Event: 25.453 GC heap after
{Heap after GC invocations=42 (full 0):
 garbage-first heap   total reserved 4194304K, committed 167936K, used 49579K [0x0000000700000000, 0x0000000800000000)
  region size 2048K, 4 young (8192K), 4 survivors (8192K)
 Metaspace       used 42832K, committed 44416K, reserved 917504K
  class space    used 6106K, committed 6848K, reserved 851968K
}
Event: 26.299 GC heap before
{Heap before GC invocations=42 (full 0):
 garbage-first heap   total reserved 4194304K, committed 167936K, used 141739K [0x0000000700000000, 0x0000000800000000)
  region size 2048K, 49 young (100352K), 4 survivors (8192K)
 Metaspace       used 42845K, committed 44416K, reserved 917504K
  class space    used 6106K, committed 6848K, reserved 851968K
}
Event: 26.376 GC heap after
{Heap after GC invocations=43 (full 0):
 garbage-first heap   total reserved 4194304K, committed 167936K, used 50459K [0x0000000700000000, 0x0000000800000000)
  region size 2048K, 4 young (8192K), 4 survivors (8192K)
 Metaspace       used 42845K, committed 44416K, reserved 917504K
  class space    used 6106K, committed 6848K, reserved 851968K
}

