# JRE version: Java(TM) SE Runtime Environment (23.0.2+7) (build 23.0.2+7-58)
# Java VM: Java HotSpot(TM) 64-Bit Server VM (23.0.2+7-58, mixed mode, sharing, tiered, compressed oops, compressed class ptrs, g1 gc, windows-amd64)
GC Precious Log:
 CardTable entry size: 512
 Card Set container configuration: InlinePtr #cards 5 size 8 Array Of Cards #cards 10 size 36 Howl #buckets 4 coarsen threshold 1843 Howl Bitmap #cards 512 size 80 coarsen threshold 460 Card regions per heap region 1 cards per card region 2048
 CPUs: 8 total, 8 available
 Memory: 5877M
 Large Page Support: Disabled
 NUMA Support: Disabled
 Compressed Oops: Enabled (32-bit)
 Heap Region Size: 1M
 Heap Min Capacity: 8M
 Heap Initial Capacity: 92M
 Heap Max Capacity: 2G
 Pre-touch: Disabled
 Parallel Workers: 8
 Concurrent Workers: 2
 Concurrent Refinement Workers: 8
 Periodic GC: Disabled
Heap:
 garbage-first heap   total reserved 2097152K, committed 155648K, used 47568K [0x0000000080000000, 0x0000000100000000)
  region size 1024K, 5 young (5120K), 5 survivors (5120K)
 Metaspace       used 48966K, committed 50560K, reserved 491520K
  class space    used 7014K, committed 7808K, reserved 425984K
GC Heap History (20 events):
Event: 21.291 GC heap after
{Heap after GC invocations=23 (full 0):
 garbage-first heap   total reserved 2097152K, committed 107520K, used 43698K [0x0000000080000000, 0x0000000100000000)
  region size 1024K, 3 young (3072K), 3 survivors (3072K)
 Metaspace       used 48917K, committed 50496K, reserved 491520K
  class space    used 7006K, committed 7744K, reserved 425984K
}
Event: 21.438 GC heap before
{Heap before GC invocations=23 (full 0):
 garbage-first heap   total reserved 2097152K, committed 107520K, used 96946K [0x0000000080000000, 0x0000000100000000)
  region size 1024K, 55 young (56320K), 3 survivors (3072K)
 Metaspace       used 48917K, committed 50496K, reserved 491520K
  class space    used 7006K, committed 7744K, reserved 425984K
}
Event: 21.440 GC heap after
{Heap after GC invocations=24 (full 0):
 garbage-first heap   total reserved 2097152K, committed 107520K, used 43834K [0x0000000080000000, 0x0000000100000000)
  region size 1024K, 3 young (3072K), 3 survivors (3072K)
 Metaspace       used 48917K, committed 50496K, reserved 491520K
  class space    used 7006K, committed 7744K, reserved 425984K
}
Event: 21.576 GC heap before
{Heap before GC invocations=24 (full 0):
 garbage-first heap   total reserved 2097152K, committed 107520K, used 97082K [0x0000000080000000, 0x0000000100000000)
  region size 1024K, 55 young (56320K), 3 survivors (3072K)
 Metaspace       used 48918K, committed 50496K, reserved 491520K
  class space    used 7006K, committed 7744K, reserved 425984K
}
Event: 21.578 GC heap after
{Heap after GC invocations=25 (full 0):
 garbage-first heap   total reserved 2097152K, committed 129024K, used 44500K [0x0000000080000000, 0x0000000100000000)
  region size 1024K, 3 young (3072K), 3 survivors (3072K)
 Metaspace       used 48918K, committed 50496K, reserved 491520K
  class space    used 7006K, committed 7744K, reserved 425984K
}
Event: 21.755 GC heap before
{Heap before GC invocations=25 (full 0):
 garbage-first heap   total reserved 2097152K, committed 129024K, used 117204K [0x0000000080000000, 0x0000000100000000)
  region size 1024K, 74 young (75776K), 3 survivors (3072K)
 Metaspace       used 48918K, committed 50496K, reserved 491520K
  class space    used 7006K, committed 7744K, reserved 425984K
}
Event: 21.757 GC heap after
{Heap after GC invocations=26 (full 0):
 garbage-first heap   total reserved 2097152K, committed 129024K, used 44485K [0x0000000080000000, 0x0000000100000000)
  region size 1024K, 3 young (3072K), 3 survivors (3072K)
 Metaspace       used 48918K, committed 50496K, reserved 491520K
  class space    used 7006K, committed 7744K, reserved 425984K
}
Event: 21.871 GC heap before
{Heap before GC invocations=26 (full 0):
 garbage-first heap   total reserved 2097152K, committed 129024K, used 111045K [0x0000000080000000, 0x0000000100000000)
  region size 1024K, 68 young (69632K), 3 survivors (3072K)
 Metaspace       used 48918K, committed 50496K, reserved 491520K
  class space    used 7006K, committed 7744K, reserved 425984K
}
Event: 21.873 GC heap after
{Heap after GC invocations=27 (full 0):
 garbage-first heap   total reserved 2097152K, committed 129024K, used 44683K [0x0000000080000000, 0x0000000100000000)
  region size 1024K, 3 young (3072K), 3 survivors (3072K)
 Metaspace       used 48918K, committed 50496K, reserved 491520K
  class space    used 7006K, committed 7744K, reserved 425984K
}
Event: 22.076 GC heap before
{Heap before GC invocations=27 (full 0):
 garbage-first heap   total reserved 2097152K, committed 129024K, used 115339K [0x0000000080000000, 0x0000000100000000)
  region size 1024K, 72 young (73728K), 3 survivors (3072K)
 Metaspace       used 48929K, committed 50496K, reserved 491520K
  class space    used 7006K, committed 7744K, reserved 425984K
}
Event: 22.078 GC heap after
{Heap after GC invocations=28 (full 0):
 garbage-first heap   total reserved 2097152K, committed 129024K, used 44885K [0x0000000080000000, 0x0000000100000000)
  region size 1024K, 4 young (4096K), 4 survivors (4096K)
 Metaspace       used 48929K, committed 50496K, reserved 491520K
  class space    used 7006K, committed 7744K, reserved 425984K
}
Event: 22.302 GC heap before
{Heap before GC invocations=28 (full 0):
 garbage-first heap   total reserved 2097152K, committed 129024K, used 120661K [0x0000000080000000, 0x0000000100000000)
  region size 1024K, 74 young (75776K), 4 survivors (4096K)
 Metaspace       used 48954K, committed 50560K, reserved 491520K
  class space    used 7014K, committed 7808K, reserved 425984K
}
Event: 22.304 GC heap after
{Heap after GC invocations=29 (full 0):
 garbage-first heap   total reserved 2097152K, committed 155648K, used 45708K [0x0000000080000000, 0x0000000100000000)
  region size 1024K, 4 young (4096K), 4 survivors (4096K)
 Metaspace       used 48954K, committed 50560K, reserved 491520K
  class space    used 7014K, committed 7808K, reserved 425984K
}
Event: 22.538 GC heap before
{Heap before GC invocations=29 (full 0):
 garbage-first heap   total reserved 2097152K, committed 155648K, used 134796K [0x0000000080000000, 0x0000000100000000)
  region size 1024K, 91 young (93184K), 4 survivors (4096K)
 Metaspace       used 48958K, committed 50560K, reserved 491520K
  class space    used 7014K, committed 7808K, reserved 425984K
}
Event: 22.542 GC heap after
{Heap after GC invocations=30 (full 0):
 garbage-first heap   total reserved 2097152K, committed 155648K, used 46468K [0x0000000080000000, 0x0000000100000000)
  region size 1024K, 5 young (5120K), 5 survivors (5120K)
 Metaspace       used 48958K, committed 50560K, reserved 491520K
  class space    used 7014K, committed 7808K, reserved 425984K
}
Event: 22.767 GC heap before
{Heap before GC invocations=30 (full 0):
 garbage-first heap   total reserved 2097152K, committed 155648K, used 132484K [0x0000000080000000, 0x0000000100000000)
  region size 1024K, 89 young (91136K), 5 survivors (5120K)
 Metaspace       used 48961K, committed 50560K, reserved 491520K
  class space    used 7014K, committed 7808K, reserved 425984K
}
Event: 22.770 GC heap after
{Heap after GC invocations=31 (full 0):
 garbage-first heap   total reserved 2097152K, committed 155648K, used 46972K [0x0000000080000000, 0x0000000100000000)
  region size 1024K, 5 young (5120K), 5 survivors (5120K)
 Metaspace       used 48961K, committed 50560K, reserved 491520K
  class space    used 7014K, committed 7808K, reserved 425984K
}
Event: 22.990 GC heap before
{Heap before GC invocations=31 (full 0):
 garbage-first heap   total reserved 2097152K, committed 155648K, used 135036K [0x0000000080000000, 0x0000000100000000)
  region size 1024K, 91 young (93184K), 5 survivors (5120K)
 Metaspace       used 48961K, committed 50560K, reserved 491520K
  class space    used 7014K, committed 7808K, reserved 425984K
}
Event: 22.992 GC heap after
{Heap after GC invocations=32 (full 0):
 garbage-first heap   total reserved 2097152K, committed 155648K, used 47298K [0x0000000080000000, 0x0000000100000000)
  region size 1024K, 5 young (5120K), 5 survivors (5120K)
 Metaspace       used 48961K, committed 50560K, reserved 491520K
  class space    used 7014K, committed 7808K, reserved 425984K
}
Event: 23.204 GC heap before
{Heap before GC invocations=32 (full 0):
 garbage-first heap   total reserved 2097152K, committed 155648K, used 135362K [0x0000000080000000, 0x0000000100000000)
  region size 1024K, 91 young (93184K), 5 survivors (5120K)
 Metaspace       used 48966K, committed 50560K, reserved 491520K
  class space    used 7014K, committed 7808K, reserved 425984K
}

