# JRE version: Java(TM) SE Runtime Environment (23.0.2+7) (build 23.0.2+7-58)
# Java VM: Java HotSpot(TM) 64-Bit Server VM (23.0.2+7-58, mixed mode, tiered, compressed oops, compressed class ptrs, g1 gc, windows-amd64)
GC Precious Log:
 CardTable entry size: 512
 Card Set container configuration: InlinePtr #cards 4 size 8 Array Of Cards #cards 16 size 48 Howl #buckets 8 coarsen threshold 3686 Howl Bitmap #cards 512 size 80 coarsen threshold 460 Card regions per heap region 1 cards per card region 4096
 CPUs: 8 total, 8 available
 Memory: 5877M
 Large Page Support: Disabled
 NUMA Support: Disabled
 Compressed Oops: Enabled (Zero based)
 Heap Region Size: 2M
 Heap Min Capacity: 8M
 Heap Initial Capacity: 92M
 Heap Max Capacity: 4G
 Pre-touch: Disabled
 Parallel Workers: 8
 Concurrent Workers: 2
 Concurrent Refinement Workers: 8
 Periodic GC: Disabled
Heap:
 garbage-first heap   total reserved 4194304K, committed 436224K, used 77282K [0x0000000700000000, 0x0000000800000000)
  region size 2048K, 14 young (28672K), 9 survivors (18432K)
 Metaspace       used 54036K, committed 55616K, reserved 917504K
  class space    used 7107K, committed 7872K, reserved 851968K
GC Heap History (20 events):
Event: 23.660 GC heap before
{Heap before GC invocations=50 (full 0):
 garbage-first heap   total reserved 4194304K, committed 301056K, used 223728K [0x0000000700000000, 0x0000000800000000)
  region size 2048K, 88 young (180224K), 6 survivors (12288K)
 Metaspace       used 53831K, committed 55360K, reserved 917504K
  class space    used 7089K, committed 7808K, reserved 851968K
}
Event: 23.667 GC heap after
{Heap after GC invocations=51 (full 0):
 garbage-first heap   total reserved 4194304K, committed 362496K, used 56962K [0x0000000700000000, 0x0000000800000000)
  region size 2048K, 7 young (14336K), 7 survivors (14336K)
 Metaspace       used 53831K, committed 55360K, reserved 917504K
  class space    used 7089K, committed 7808K, reserved 851968K
}
Event: 24.028 GC heap before
{Heap before GC invocations=51 (full 0):
 garbage-first heap   total reserved 4194304K, committed 362496K, used 259714K [0x0000000700000000, 0x0000000800000000)
  region size 2048K, 106 young (217088K), 7 survivors (14336K)
 Metaspace       used 53835K, committed 55360K, reserved 917504K
  class space    used 7089K, committed 7808K, reserved 851968K
}
Event: 24.035 GC heap after
{Heap after GC invocations=52 (full 0):
 garbage-first heap   total reserved 4194304K, committed 362496K, used 58224K [0x0000000700000000, 0x0000000800000000)
  region size 2048K, 7 young (14336K), 7 survivors (14336K)
 Metaspace       used 53835K, committed 55360K, reserved 917504K
  class space    used 7089K, committed 7808K, reserved 851968K
}
Event: 24.362 GC heap before
{Heap before GC invocations=52 (full 0):
 garbage-first heap   total reserved 4194304K, committed 362496K, used 260976K [0x0000000700000000, 0x0000000800000000)
  region size 2048K, 106 young (217088K), 7 survivors (14336K)
 Metaspace       used 53838K, committed 55360K, reserved 917504K
  class space    used 7089K, committed 7808K, reserved 851968K
}
Event: 24.368 GC heap after
{Heap after GC invocations=53 (full 0):
 garbage-first heap   total reserved 4194304K, committed 362496K, used 59584K [0x0000000700000000, 0x0000000800000000)
  region size 2048K, 7 young (14336K), 7 survivors (14336K)
 Metaspace       used 53838K, committed 55360K, reserved 917504K
  class space    used 7089K, committed 7808K, reserved 851968K
}
Event: 24.904 GC heap before
{Heap before GC invocations=53 (full 0):
 garbage-first heap   total reserved 4194304K, committed 362496K, used 262336K [0x0000000700000000, 0x0000000800000000)
  region size 2048K, 106 young (217088K), 7 survivors (14336K)
 Metaspace       used 53843K, committed 55360K, reserved 917504K
  class space    used 7089K, committed 7808K, reserved 851968K
}
Event: 24.911 GC heap after
{Heap after GC invocations=54 (full 0):
 garbage-first heap   total reserved 4194304K, committed 362496K, used 60056K [0x0000000700000000, 0x0000000800000000)
  region size 2048K, 7 young (14336K), 7 survivors (14336K)
 Metaspace       used 53843K, committed 55360K, reserved 917504K
  class space    used 7089K, committed 7808K, reserved 851968K
}
Event: 25.490 GC heap before
{Heap before GC invocations=54 (full 0):
 garbage-first heap   total reserved 4194304K, committed 362496K, used 262808K [0x0000000700000000, 0x0000000800000000)
  region size 2048K, 106 young (217088K), 7 survivors (14336K)
 Metaspace       used 53845K, committed 55360K, reserved 917504K
  class space    used 7089K, committed 7808K, reserved 851968K
}
Event: 25.498 GC heap after
{Heap after GC invocations=55 (full 0):
 garbage-first heap   total reserved 4194304K, committed 362496K, used 61678K [0x0000000700000000, 0x0000000800000000)
  region size 2048K, 8 young (16384K), 8 survivors (16384K)
 Metaspace       used 53845K, committed 55360K, reserved 917504K
  class space    used 7089K, committed 7808K, reserved 851968K
}
Event: 26.044 GC heap before
{Heap before GC invocations=55 (full 0):
 garbage-first heap   total reserved 4194304K, committed 362496K, used 262382K [0x0000000700000000, 0x0000000800000000)
  region size 2048K, 106 young (217088K), 8 survivors (16384K)
 Metaspace       used 53846K, committed 55360K, reserved 917504K
  class space    used 7089K, committed 7808K, reserved 851968K
}
Event: 26.055 GC heap after
{Heap after GC invocations=56 (full 0):
 garbage-first heap   total reserved 4194304K, committed 436224K, used 63153K [0x0000000700000000, 0x0000000800000000)
  region size 2048K, 9 young (18432K), 9 survivors (18432K)
 Metaspace       used 53846K, committed 55360K, reserved 917504K
  class space    used 7089K, committed 7808K, reserved 851968K
}
Event: 27.683 GC heap before
{Heap before GC invocations=56 (full 0):
 garbage-first heap   total reserved 4194304K, committed 436224K, used 304817K [0x0000000700000000, 0x0000000800000000)
  region size 2048K, 127 young (260096K), 9 survivors (18432K)
 Metaspace       used 53859K, committed 55424K, reserved 917504K
  class space    used 7089K, committed 7808K, reserved 851968K
}
Event: 27.704 GC heap after
{Heap after GC invocations=57 (full 0):
 garbage-first heap   total reserved 4194304K, committed 436224K, used 64325K [0x0000000700000000, 0x0000000800000000)
  region size 2048K, 9 young (18432K), 9 survivors (18432K)
 Metaspace       used 53859K, committed 55424K, reserved 917504K
  class space    used 7089K, committed 7808K, reserved 851968K
}
Event: 28.844 GC heap before
{Heap before GC invocations=57 (full 0):
 garbage-first heap   total reserved 4194304K, committed 436224K, used 305989K [0x0000000700000000, 0x0000000800000000)
  region size 2048K, 127 young (260096K), 9 survivors (18432K)
 Metaspace       used 53868K, committed 55424K, reserved 917504K
  class space    used 7089K, committed 7808K, reserved 851968K
}
Event: 28.858 GC heap after
{Heap after GC invocations=58 (full 0):
 garbage-first heap   total reserved 4194304K, committed 436224K, used 67273K [0x0000000700000000, 0x0000000800000000)
  region size 2048K, 10 young (20480K), 10 survivors (20480K)
 Metaspace       used 53868K, committed 55424K, reserved 917504K
  class space    used 7089K, committed 7808K, reserved 851968K
}
Event: 29.535 GC heap before
{Heap before GC invocations=58 (full 0):
 garbage-first heap   total reserved 4194304K, committed 436224K, used 306889K [0x0000000700000000, 0x0000000800000000)
  region size 2048K, 127 young (260096K), 10 survivors (20480K)
 Metaspace       used 53893K, committed 55424K, reserved 917504K
  class space    used 7089K, committed 7808K, reserved 851968K
}
Event: 29.546 GC heap after
{Heap after GC invocations=59 (full 0):
 garbage-first heap   total reserved 4194304K, committed 436224K, used 68692K [0x0000000700000000, 0x0000000800000000)
  region size 2048K, 10 young (20480K), 10 survivors (20480K)
 Metaspace       used 53893K, committed 55424K, reserved 917504K
  class space    used 7089K, committed 7808K, reserved 851968K
}
Event: 29.958 GC heap before
{Heap before GC invocations=59 (full 0):
 garbage-first heap   total reserved 4194304K, committed 436224K, used 308308K [0x0000000700000000, 0x0000000800000000)
  region size 2048K, 127 young (260096K), 10 survivors (20480K)
 Metaspace       used 53903K, committed 55488K, reserved 917504K
  class space    used 7089K, committed 7808K, reserved 851968K
}
Event: 29.967 GC heap after
{Heap after GC invocations=60 (full 0):
 garbage-first heap   total reserved 4194304K, committed 436224K, used 69090K [0x0000000700000000, 0x0000000800000000)
  region size 2048K, 9 young (18432K), 9 survivors (18432K)
 Metaspace       used 53903K, committed 55488K, reserved 917504K
  class space    used 7089K, committed 7808K, reserved 851968K
}

